2025-07-14T05:34:27.972Z POST /shorturls 500 14ms
2025-07-14T05:35:17.292Z POST /shorturls 500 1ms
2025-07-14T05:35:46.852Z POST /shorturls 500 5ms
2025-07-14T05:36:20.054Z POST /shorturls 400 9ms
2025-07-14T05:41:47.110Z POST /shorturls 201 20ms
2025-07-14T05:43:22.697Z GET /shorturls/mycode 200 2ms
2025-07-14T05:43:38.258Z POST /shorturls/mycode 404 1ms
2025-07-14T05:43:46.420Z POST /shorturls 409 1ms
2025-07-14T05:43:51.657Z POST /shorturls/ 409 1ms
2025-07-14T05:44:06.142Z POST /shorturls 409 1ms
2025-07-14T05:44:26.739Z POST /shorturls 201 1ms
2025-07-14T05:44:35.908Z GET /mynewcode 302 2ms
2025-07-14T05:44:50.700Z GET /shorturls/mynewcode 200 1ms
[7/14/2025, 11:26:52 AM] POST /shorturls -> 400 (98ms)
[7/14/2025, 11:26:59 AM] POST /shorturls -> 201 (3ms)
[7/14/2025, 11:27:42 AM] GET /shorturls/affordtech -> 200 (1ms)
[7/14/2025, 11:27:56 AM] GET /shorturls/affordtech -> 200 (1ms)
[7/14/2025, 11:28:17 AM] GET /shorturls/affordtech -> 200 (1ms)
[7/14/2025, 11:28:31 AM] GET /shorturls/affordtech -> 200 (1ms)
[7/14/2025, 11:28:33 AM] GET /shorturls/affordtech -> 200 (0ms)
[7/14/2025, 11:28:56 AM] GET /shorturls/mycode -> 404 (1ms)
[7/14/2025, 11:29:41 AM] GET /shorturls/affordtech -> 200 (1ms)
[7/14/2025, 11:30:25 AM] GET /shorturls/affordtech -> 200 (0ms)
[7/14/2025, 11:30:44 AM] GET /affordtech -> 302 (4ms)
[7/14/2025, 11:30:54 AM] GET /shorturls -> 404 (1ms)
[7/14/2025, 11:30:58 AM] GET /shorturls/affordtech -> 200 (1ms)
[7/14/2025, 11:34:02 AM] POST /shorturls -> 201 (42ms)
[7/14/2025, 11:34:08 AM] GET /shorturls/affordtech -> 200 (2ms)
[7/14/2025, 11:34:11 AM] GET /shorturls/affordtech -> 200 (1ms)
[7/14/2025, 11:34:30 AM] GET /shorturls/affordtech -> 200 (0ms)
[7/14/2025, 11:34:41 AM] GET /shorturls/affordtech -> 200 (1ms)
[7/14/2025, 11:34:42 AM] GET /shorturls/affordtech -> 200 (1ms)
[7/14/2025, 11:34:50 AM] GET /shorturls/affordtech -> 200 (1ms)
[7/14/2025, 11:34:54 AM] GET /affordtech -> 302 (2ms)
[7/14/2025, 11:35:06 AM] GET /shorturls/affordtech -> 200 (1ms)
[7/14/2025, 11:36:14 AM] GET /shorturls/affordtech -> 200 (0ms)
[7/14/2025, 11:38:23 AM] GET /shorturls -> 404 (2ms)
[7/14/2025, 11:38:30 AM] POST /shorturls -> 400 (1ms)
[7/14/2025, 11:38:46 AM] POST /shorturls -> 400 (1ms)
[7/14/2025, 11:39:19 AM] POST /shorturls -> 400 (0ms)
[7/14/2025, 11:39:33 AM] POST /shorturls -> 201 (1ms)
[7/14/2025, 11:42:16 AM] GET /shorturls/abcdl -> 200 (1ms)
[7/14/2025, 11:42:27 AM] GET /shorturls/abcdl -> 200 (0ms)
[7/14/2025, 11:42:35 AM] GET /shorturls/abcdl -> 200 (1ms)
[7/14/2025, 11:42:44 AM] GET /shorturls/abcdl -> 200 (0ms)
[7/14/2025, 11:42:50 AM] GET /shorturls/abcdl -> 200 (0ms)
[7/14/2025, 11:42:58 AM] GET /shorturls/abcdl -> 200 (1ms)
[7/14/2025, 11:43:06 AM] GET /abcdl -> 302 (1ms)
[7/14/2025, 11:43:12 AM] GET /abcdl -> 302 (0ms)
[7/14/2025, 11:43:13 AM] GET /abcdl -> 302 (0ms)
[7/14/2025, 11:43:14 AM] GET /abcdl -> 302 (1ms)
[7/14/2025, 11:43:17 AM] GET /shorturls/abcdl -> 200 (1ms)
